{
  "RSpec": {
    "coverage": {
      "/home/relational-shell-6420/tic-tac-toe-rb-online-web-sp-000/lib/tic_tac_toe.rb": [
        null,
        1,
        null,
        null,
        null,
        null,
        null,
        null,
        null,
        null,
        null,
        1,
        5,
        5,
        5,
        5,
        5,
        null,
        null,
        1,
        12,
        null,
        null,
        1,
        3,
        null,
        null,
        1,
        0,
        null,
        null,
        1,
        12,
        null,
        null,
        1,
        9,
        9,
        9,
        9,
        8,
        null,
        null,
        null,
        null,
        1,
        2,
        18,
        null,
        null,
        null,
        1,
        1,
        null,
        null,
        1,
        0,
        0,
        0,
        0,
        null,
        null,
        null,
        1,
        14,
        null,
        null,
        null,
        null,
        null,
        1,
        37,
        205,
        205,
        205,
        null,
        205,
        null,
        null,
        null,
        null,
        1,
        10,
        60,
        null,
        null,
        null,
        1,
        11,
        null,
        null,
        1,
        11,
        null,
        null,
        1,
        6,
        null,
        null,
        1,
        12,
        7,
        null,
        null,
        5,
        3,
        null,
        2,
        null,
        null
      ]
    },
    "timestamp": 1586643769
  }
}
