{
  "RSpec": {
    "coverage": {
      "/home/relational-shell-6420/tic-tac-toe-rb-online-web-sp-000/lib/tic_tac_toe.rb": [
        1,
        20,
        20,
        20,
        20,
        20,
        null,
        null,
        1,
        19,
        null,
        null,
        1,
        19,
        null,
        null,
        1,
        0,
        null,
        null,
        1,
        19,
        null,
        null,
        1,
        16,
        16,
        16,
        16,
        15,
        15,
        null,
        1,
        1,
        null,
        null,
        null,
        1,
        0,
        0,
        0,
        0,
        null,
        null,
        null,
        1,
        2,
        18,
        null,
        null,
        null,
        1,
        1,
        1,
        null,
        0,
        null,
        null,
        null,
        1,
        21,
        null,
        null,
        null,
        null,
        1,
        null,
        null,
        null,
        null,
        null,
        null,
        null,
        null,
        null,
        1,
        33,
        223,
        223,
        223,
        null,
        223,
        null,
        null,
        null,
        null,
        1,
        12,
        65,
        null,
        null,
        null,
        1,
        13,
        null,
        null,
        1,
        17,
        null,
        null,
        1,
        3,
        null,
        null,
        1,
        12,
        13,
        null,
        null
      ]
    },
    "timestamp": 1586641502
  }
}
